This is pdfTeXk, Version 3.141592-1.40.3 (Web2C 7.5.6) (format=pdflatex 2008.6.8)  11 SEP 2008 09:39
entering extended mode
 %&-line parsing enabled.
**\input 3301_presentations.tex
(./3301_presentations.tex (/usr/share/texmf-texlive/tex/latex/memoir/memoir.cls
Document Class: memoir 2005/09/25 v1.618 configurable document class
\onelineskip=\skip41
\lxvchars=\skip42
\xlvchars=\skip43
\@memcnta=\count79
\stockheight=\skip44
\stockwidth=\skip45
\trimtop=\skip46
\trimedge=\skip47
(/usr/share/texmf-texlive/tex/latex/memoir/mem11.clo
File: mem11.clo 2002/07/27 v0.2 memoir class 11pt size option
)
\spinemargin=\skip48
\foremargin=\skip49
\uppermargin=\skip50
\lowermargin=\skip51
\headdrop=\skip52
\normalrulethickness=\skip53
\headwidth=\skip54
\c@storedpagenumber=\count80
\thanksmarkwidth=\skip55
\thanksmarksep=\skip56
\droptitle=\skip57
\abstitleskip=\skip58
\absleftindent=\skip59
\abs@leftindent=\dimen102
\absrightindent=\skip60
\absparindent=\skip61
\absparsep=\skip62
\c@part=\count81
\c@chapter=\count82
\c@section=\count83
\c@subsection=\count84
\c@subsubsection=\count85
\c@paragraph=\count86
\c@subparagraph=\count87
\beforechapskip=\skip63
\midchapskip=\skip64
\afterchapskip=\skip65
\chapindent=\skip66
\bottomsectionskip=\skip67
\secindent=\skip68
\beforesecskip=\skip69
\aftersecskip=\skip70
\subsecindent=\skip71
\beforesubsecskip=\skip72
\aftersubsecskip=\skip73
\subsubsecindent=\skip74
\beforesubsubsecskip=\skip75
\aftersubsubsecskip=\skip76
\paraindent=\skip77
\beforeparaskip=\skip78
\afterparaskip=\skip79
\subparaindent=\skip80
\beforesubparaskip=\skip81
\aftersubparaskip=\skip82
\pfbreakskip=\skip83
\c@@ppsavesec=\count88
\c@@ppsaveapp=\count89
\ragrparindent=\dimen103
\parsepi=\skip84
\topsepi=\skip85
\itemsepi=\skip86
\parsepii=\skip87
\topsepii=\skip88
\topsepiii=\skip89
\m@msavetopsep=\skip90
\m@msavepartopsep=\skip91
\@enLab=\toks14
\c@vslineno=\count90
\c@poemline=\count91
\c@modulo@vs=\count92
\vleftskip=\skip92
\vrightskip=\skip93
\stanzaskip=\skip94
\versewidth=\skip95
\vgap=\skip96
\vindent=\skip97
\vleftmargin=\dimen104
\c@verse=\count93
\c@chrsinstr=\count94
\beforepoemtitleskip=\skip98
\afterpoemtitleskip=\skip99
\c@poem=\count95
\beforePoemTitleskip=\skip100
\midPoemTitleskip=\skip101
\afterPoemTitleskip=\skip102
\col@sep=\dimen105
\extrarowheight=\dimen106
\NC@list=\toks15
\extratabsurround=\skip103
\backup@length=\skip104
\TX@col@width=\dimen107
\TX@old@table=\dimen108
\TX@old@col=\dimen109
\TX@target=\dimen110
\TX@delta=\dimen111
\TX@cols=\count96
\TX@ftn=\toks16
\heavyrulewidth=\dimen112
\lightrulewidth=\dimen113
\cmidrulewidth=\dimen114
\belowrulesep=\dimen115
\belowbottomsep=\dimen116
\aboverulesep=\dimen117
\abovetopsep=\dimen118
\cmidrulesep=\dimen119
\cmidrulekern=\dimen120
\defaultaddspace=\dimen121
\@cmidla=\count97
\@cmidlb=\count98
\@aboverulesep=\dimen122
\@belowrulesep=\dimen123
\@thisruleclass=\count99
\@lastruleclass=\count100
\@thisrulewidth=\dimen124
\ctableftskip=\skip105
\ctabrightskip=\skip106
\abovecolumnspenalty=\count101
\@linestogo=\count102
\@cellstogo=\count103
\@cellsincolumn=\count104
\crtok=\toks17
\@mincolumnwidth=\dimen125
\c@newflo@tctr=\count105
\@contcwidth=\skip107
\@contindw=\skip108
\abovecaptionskip=\skip109
\belowcaptionskip=\skip110
\subfloattopskip=\skip111
\subfloatcapskip=\skip112
\subfloatcaptopadj=\skip113
\subfloatbottomskip=\skip114
\subfloatlabelskip=\skip115
\subfloatcapmargin=\dimen126
\c@@contsubnum=\count106
\beforeepigraphskip=\skip116
\afterepigraphskip=\skip117
\epigraphwidth=\skip118
\epigraphrule=\skip119
LaTeX Info: Redefining \em on input line 4895.
LaTeX Info: Redefining \emph on input line 4903.
\tocentryskip=\skip120
\tocbaseline=\skip121
\cftparskip=\skip122
\cftbeforepartskip=\skip123
\cftpartindent=\skip124
\cftpartnumwidth=\skip125
\cftbeforechapterskip=\skip126
\cftchapterindent=\skip127
\cftchapternumwidth=\skip128
\cftbeforesectionskip=\skip129
\cftsectionindent=\skip130
\cftsectionnumwidth=\skip131
\cftbeforesubsectionskip=\skip132
\cftsubsectionindent=\skip133
\cftsubsectionnumwidth=\skip134
\cftbeforesubsubsectionskip=\skip135
\cftsubsubsectionindent=\skip136
\cftsubsubsectionnumwidth=\skip137
\cftbeforeparagraphskip=\skip138
\cftparagraphindent=\skip139
\cftparagraphnumwidth=\skip140
\cftbeforesubparagraphskip=\skip141
\cftsubparagraphindent=\skip142
\cftsubparagraphnumwidth=\skip143
\c@maxsecnumdepth=\count107
\bibindent=\dimen127
\bibitemsep=\skip144
\indexcolsep=\skip145
\indexrule=\skip146
\indexmarkstyle=\toks18
\@indexbox=\insert233
\glossarycolsep=\dimen128
\glossaryrule=\dimen129
\sideparvshift=\skip147
\sideins=\insert232
\sidebarhsep=\skip148
\sidebarvsep=\skip149
\sidebarwidth=\skip150
\footmarkwidth=\skip151
\footmarksep=\skip152
\footparindent=\skip153
\footinsdim=\skip154
\footinsv@r=\insert231
\@mpfootinsv@r=\insert230
\m@m@k=\count108
\m@m@h=\dimen130
\m@mipn@skip=\skip155
\c@sheetsequence=\count109
\c@lastsheet=\count110
\c@lastpage=\count111
\every@verbatim=\toks19
\afterevery@verbatim=\toks20
\verbatim@line=\toks21
\tab@position=\count112
\verbatim@in@stream=\read1
\verbatimindent=\skip156
\verbatim@out=\write3
\bvboxsep=\skip157
\c@bvlinectr=\count113
\bvnumlength=\skip158
\FrameRule=\dimen131
\FrameSep=\dimen132
\c@cp@cntr=\count114
LaTeX Info: Redefining \: on input line 8292.
LaTeX Info: Redefining \! on input line 8294.
\c@ism@mctr=\count115
\c@xsm@mctr=\count116
\c@csm@mctr=\count117
\c@ksm@mctr=\count118
\c@xksm@mctr=\count119
\c@cksm@mctr=\count120
\c@msm@mctr=\count121
\c@xmsm@mctr=\count122
\c@cmsm@mctr=\count123
\c@bsm@mctr=\count124
\c@workm@mctr=\count125
\c@figure=\count126
\c@lofdepth=\count127
\c@lofdepth=\count127
\cftbeforefigureskip=\skip159
\cftfigureindent=\skip160
\cftfigurenumwidth=\skip161
\c@table=\count127
\c@lotdepth=\count128
\c@lotdepth=\count128
\cftbeforetableskip=\skip162
\cfttableindent=\skip163
\cfttablenumwidth=\skip164
Package abstract emulated by memoir.
Package appendix emulated by memoir.
Package array emulated by memoir.
Package booktabs emulated by memoir.
Package ccaption emulated by memoir.
Package chngcntr emulated by memoir.
Package chngpage emulated by memoir.
Package crop emulated by memoir.
Package dcolumn emulated by memoir.
Package delarray emulated by memoir.
Package enumerate emulated by memoir.
Package epigraph emulated by memoir.
Package framed emulated by memoir.
Package ifmtarg emulated by memoir.
Package ifpdf emulated by memoir.
Package index emulated by memoir.
Package makeidx emulated by memoir.
Package moreverb emulated by memoir.
Package needspace emulated by memoir.
Package newfile emulated by memoir.
Package nextpage emulated by memoir.
Package patchcmd emulated by memoir.
Package shortvrb emulated by memoir.
Package showidx emulated by memoir.
Package tabularx emulated by memoir.
Package titleref emulated by memoir.
Package titling emulated by memoir.
Package tocbibind emulated by memoir.
Package tocloft emulated by memoir.
Package verbatim emulated by memoir.
Package verse emulated by memoir.

(/usr/share/texmf-texlive/tex/latex/memoir/mempatch.sty
File: mempatch.sty 2007/01/22 v4.8 Patches for memoir class v1.618
\m@mscap@capbox=\box26
\m@mscap@fbox=\box27
\sidecapsep=\dimen133
\sidecapwidth=\dimen134
\m@m@tempdima=\dimen135
\m@mscapraise=\dimen136
\sidecapraise=\dimen137
\m@mscapmainwidth=\dimen138
\m@mscaplkern=\dimen139
\c@book=\count128
\cftbeforebookskip=\skip165
\cftbookindent=\dimen140
\cftbooknumwidth=\dimen141
\c@pagenote=\count129
Package pagenote emulated by memoir.
\cftbeforesectionskip=\skip166
\cftsectionindent=\skip167
\cftsectionnumwidth=\skip168
\cftbeforesubsectionskip=\skip169
\cftsubsectionindent=\skip170
\cftsubsectionnumwidth=\skip171
\cftbeforesubsubsectionskip=\skip172
\cftsubsubsectionindent=\skip173
\cftsubsubsectionnumwidth=\skip174
\cftbeforeparagraphskip=\skip175
\cftparagraphindent=\skip176
\cftparagraphnumwidth=\skip177
\cftbeforesubparagraphskip=\skip178
\cftsubparagraphindent=\skip179
\cftsubparagraphnumwidth=\skip180
\cftbeforefigureskip=\skip181
\cftfigureindent=\skip182
\cftfigurenumwidth=\skip183
\cftbeforetableskip=\skip184
\cfttableindent=\skip185
\cfttablenumwidth=\skip186
\everylistparindent=\dimen142
Package setspace emulated by memoir.
\memPD=\dimen143
Package parskip emulated by memoir.
\m@mabparskip=\skip187
\itemsepii=\skip188
\itemsepiii=\skip189
\partopsepiii=\skip190
\sidebartopsep=\skip191
\c@lofdepth=\count130
\c@lotdepth=\count131
))
(/usr/share/texmf-texlive/tex/latex/base/inputenc.sty
Package: inputenc 2006/05/05 v1.1b Input encoding file
\inpenc@prehook=\toks22
\inpenc@posthook=\toks23

(/usr/share/texmf-texlive/tex/latex/base/latin1.def
File: latin1.def 2006/05/05 v1.1b Input encoding file
))
(/usr/share/texmf-texlive/tex/latex/amsmath/amsmath.sty
Package: amsmath 2000/07/18 v2.13 AMS math features
\@mathmargin=\skip192

For additional information on amsmath, use the `?' option.
(/usr/share/texmf-texlive/tex/latex/amsmath/amstext.sty
Package: amstext 2000/06/29 v2.01

(/usr/share/texmf-texlive/tex/latex/amsmath/amsgen.sty
File: amsgen.sty 1999/11/30 v2.0
\@emptytoks=\toks24
\ex@=\dimen144
))
(/usr/share/texmf-texlive/tex/latex/amsmath/amsbsy.sty
Package: amsbsy 1999/11/29 v1.2d
\pmbraise@=\dimen145
)
(/usr/share/texmf-texlive/tex/latex/amsmath/amsopn.sty
Package: amsopn 1999/12/14 v2.01 operator names
)
\inf@bad=\count132
LaTeX Info: Redefining \frac on input line 211.
\uproot@=\count133
\leftroot@=\count134
LaTeX Info: Redefining \overline on input line 307.
\classnum@=\count135
\DOTSCASE@=\count136
LaTeX Info: Redefining \ldots on input line 379.
LaTeX Info: Redefining \dots on input line 382.
LaTeX Info: Redefining \cdots on input line 467.
\Mathstrutbox@=\box28
\strutbox@=\box29
\big@size=\dimen146
LaTeX Font Info:    Redeclaring font encoding OML on input line 567.
LaTeX Font Info:    Redeclaring font encoding OMS on input line 568.
\macc@depth=\count137
\c@MaxMatrixCols=\count138
\dotsspace@=\muskip10
\c@parentequation=\count139
\dspbrk@lvl=\count140
\tag@help=\toks25
\row@=\count141
\column@=\count142
\maxfields@=\count143
\andhelp@=\toks26
\eqnshift@=\dimen147
\alignsep@=\dimen148
\tagshift@=\dimen149
\tagwidth@=\dimen150
\totwidth@=\dimen151
\lineht@=\dimen152
\@envbody=\toks27
\multlinegap=\skip193
\multlinetaggap=\skip194
\mathdisplay@stack=\toks28
LaTeX Info: Redefining \[ on input line 2666.
LaTeX Info: Redefining \] on input line 2667.
)
(/usr/share/texmf-texlive/tex/latex/amsfonts/amsfonts.sty
Package: amsfonts 2001/10/25 v2.2f
\symAMSa=\mathgroup4
\symAMSb=\mathgroup5
LaTeX Font Info:    Overwriting math alphabet `\mathfrak' in version `bold'
(Font)                  U/euf/m/n --> U/euf/b/n on input line 132.
)
(/usr/share/texmf-texlive/tex/latex/amsfonts/amssymb.sty
Package: amssymb 2002/01/22 v2.2d
)
(/usr/share/texmf-texlive/tex/latex/lettrine/lettrine.sty
File: lettrine.sty 2004/05/22 v1.6 (D. Flipo)

(/usr/share/texmf-texlive/tex/latex/graphics/keyval.sty
Package: keyval 1999/03/16 v1.13 key=value parser (DPC)
\KV@toks@=\toks29
)
\c@DefaultLines=\count144
\DefaultFindent=\dimen153
\DefaultNindent=\dimen154
\DefaultSlope=\dimen155
\L@lbox=\box30
\L@tbox=\box31
\c@L@lines=\count145
\L@Pindent=\dimen156
\L@Findent=\dimen157
\L@Nindent=\dimen158
\L@lraise=\dimen159
\L@first=\dimen160
\L@next=\dimen161
\L@slope=\dimen162
\L@height=\dimen163
\LettrineWidth=\dimen164

(/usr/share/texmf-texlive/tex/latex/lettrine/lettrine.cfg))
(/usr/share/texmf-texlive/tex/latex/bbding/bbding.sty
Package: bbding 1996/06/21 v1.0 Dingbats symbols
)
(/home/ross/texmf/tex/latex/localfonts/waterstitling.sty
Package: waterstitling 2008/03/16 Waters Titling Pro

(/usr/share/texmf-texlive/tex/latex/base/fontenc.sty
Package: fontenc 2005/09/27 v1.99g Standard LaTeX package

(/usr/share/texmf-texlive/tex/latex/ly1/ly1enc.def
File: ly1enc.def 1999/05/21 v0.6 TeX 'n ANSI encoding (DPC)
)
LaTeX Font Info:    Try loading font information for LY1+ptm on input line 100.


(/usr/share/texmf-texlive/tex/latex/ly1/ly1ptm.fd
File: ly1ptm.fd 2001/02/01 font definitions for LY1/ptm using Berry names.
))
(/usr/share/texmf-texlive/tex/latex/base/textcomp.sty
Package: textcomp 2005/09/27 v1.99g Standard LaTeX package
Package textcomp Info: Sub-encoding information:
(textcomp)               5 = only ISO-Adobe without \textcurrency
(textcomp)               4 = 5 + \texteuro
(textcomp)               3 = 4 + \textohm
(textcomp)               2 = 3 + \textestimated + \textcurrency
(textcomp)               1 = TS1 - \textcircled - \t
(textcomp)               0 = TS1 (full)
(textcomp)             Font families with sub-encoding setting implement
(textcomp)             only a restricted character set as indicated.
(textcomp)             Family '?' is the default used for unknown fonts.
(textcomp)             See the documentation for details.
Package textcomp Info: Setting ? sub-encoding to TS1/1 on input line 71.

(/usr/share/texmf-texlive/tex/latex/base/ts1enc.def
File: ts1enc.def 2001/06/05 v3.0e (jk/car/fm) Standard LaTeX file
)
LaTeX Info: Redefining \oldstylenums on input line 266.
Package textcomp Info: Setting cmr sub-encoding to TS1/0 on input line 281.
Package textcomp Info: Setting cmss sub-encoding to TS1/0 on input line 282.
Package textcomp Info: Setting cmtt sub-encoding to TS1/0 on input line 283.
Package textcomp Info: Setting cmvtt sub-encoding to TS1/0 on input line 284.
Package textcomp Info: Setting cmbr sub-encoding to TS1/0 on input line 285.
Package textcomp Info: Setting cmtl sub-encoding to TS1/0 on input line 286.
Package textcomp Info: Setting ccr sub-encoding to TS1/0 on input line 287.
Package textcomp Info: Setting ptm sub-encoding to TS1/4 on input line 288.
Package textcomp Info: Setting pcr sub-encoding to TS1/4 on input line 289.
Package textcomp Info: Setting phv sub-encoding to TS1/4 on input line 290.
Package textcomp Info: Setting ppl sub-encoding to TS1/3 on input line 291.
Package textcomp Info: Setting pag sub-encoding to TS1/4 on input line 292.
Package textcomp Info: Setting pbk sub-encoding to TS1/4 on input line 293.
Package textcomp Info: Setting pnc sub-encoding to TS1/4 on input line 294.
Package textcomp Info: Setting pzc sub-encoding to TS1/4 on input line 295.
Package textcomp Info: Setting bch sub-encoding to TS1/4 on input line 296.
Package textcomp Info: Setting put sub-encoding to TS1/5 on input line 297.
Package textcomp Info: Setting uag sub-encoding to TS1/5 on input line 298.
Package textcomp Info: Setting ugq sub-encoding to TS1/5 on input line 299.
Package textcomp Info: Setting ul8 sub-encoding to TS1/4 on input line 300.
Package textcomp Info: Setting ul9 sub-encoding to TS1/4 on input line 301.
Package textcomp Info: Setting augie sub-encoding to TS1/5 on input line 302.
Package textcomp Info: Setting dayrom sub-encoding to TS1/3 on input line 303.
Package textcomp Info: Setting dayroms sub-encoding to TS1/3 on input line 304.

Package textcomp Info: Setting pxr sub-encoding to TS1/0 on input line 305.
Package textcomp Info: Setting pxss sub-encoding to TS1/0 on input line 306.
Package textcomp Info: Setting pxtt sub-encoding to TS1/0 on input line 307.
Package textcomp Info: Setting txr sub-encoding to TS1/0 on input line 308.
Package textcomp Info: Setting txss sub-encoding to TS1/0 on input line 309.
Package textcomp Info: Setting txtt sub-encoding to TS1/0 on input line 310.
Package textcomp Info: Setting futs sub-encoding to TS1/4 on input line 311.
Package textcomp Info: Setting futx sub-encoding to TS1/4 on input line 312.
Package textcomp Info: Setting futj sub-encoding to TS1/4 on input line 313.
Package textcomp Info: Setting hlh sub-encoding to TS1/3 on input line 314.
Package textcomp Info: Setting hls sub-encoding to TS1/3 on input line 315.
Package textcomp Info: Setting hlst sub-encoding to TS1/3 on input line 316.
Package textcomp Info: Setting hlct sub-encoding to TS1/5 on input line 317.
Package textcomp Info: Setting hlx sub-encoding to TS1/5 on input line 318.
Package textcomp Info: Setting hlce sub-encoding to TS1/5 on input line 319.
Package textcomp Info: Setting hlcn sub-encoding to TS1/5 on input line 320.
Package textcomp Info: Setting hlcw sub-encoding to TS1/5 on input line 321.
Package textcomp Info: Setting hlcf sub-encoding to TS1/5 on input line 322.
Package textcomp Info: Setting pplx sub-encoding to TS1/3 on input line 323.
Package textcomp Info: Setting pplj sub-encoding to TS1/3 on input line 324.
Package textcomp Info: Setting ptmx sub-encoding to TS1/4 on input line 325.
Package textcomp Info: Setting ptmj sub-encoding to TS1/4 on input line 326.
)
(/usr/share/texmf-texlive/tex/latex/xkeyval/xkeyval.sty
Package: xkeyval 2006/11/18 v2.5f package option processing (HA)

(/usr/share/texmf-texlive/tex/latex/xkeyval/xkeyval.tex
\XKV@toks=\toks30
\XKV@depth=\count146
File: xkeyval.tex 2006/11/18 v2.5f key=value parser (HA)
))
(/home/ross/texmf/tex/latex/localfonts/nfssext.sty
Package: nfssext 2003/03/14 v1.2 Experimental NFSS Extensions
LaTeX Info: Redefining \itshape on input line 57.
LaTeX Info: Redefining \scshape on input line 60.
LaTeX Info: Redefining \upshape on input line 63.
))
(/home/ross/texmf/tex/latex/localfonts/sabonlt.sty
Package: sabonlt 2008/03/16 Sabon LT Std

(/usr/share/texmf-texlive/tex/latex/base/fontenc.sty
Package: fontenc 2005/09/27 v1.99g Standard LaTeX package

(/usr/share/texmf-texlive/tex/latex/ly1/ly1enc.def
File: ly1enc.def 1999/05/21 v0.6 TeX 'n ANSI encoding (DPC)
LaTeX Font Info:    Redeclaring font encoding LY1 on input line 5.
)))
LaTeX Font Info:    Try loading font information for LY1+cmss on input line 16.

LaTeX Font Info:    No file LY1cmss.fd. on input line 16.


LaTeX Font Warning: Font shape `LY1/cmss/m/n' undefined
(Font)              using `LY1/ptm/m/n' instead on input line 16.

(/usr/share/texmf-texlive/tex/latex/microtype/microtype.sty
Package: microtype 2007/01/21 v2.0 Micro-typography with pdfTeX (RS)
\MT@toks=\toks31
\MT@count=\count147
LaTeX Info: Redefining \lsstyle on input line 1370.
LaTeX Info: Redefining \lslig on input line 1370.
LaTeX Info: Redefining \textls on input line 1371.
\MT@lskern=\dimen165
Package microtype Info: Loading configuration file microtype.cfg.

(/usr/share/texmf-texlive/tex/latex/microtype/microtype.cfg
File: microtype.cfg 2007/01/14 v2.0 microtype main configuration file (RS)
))
(./3301_presentations.aux)
\openout1 = `3301_presentations.aux'.

LaTeX Font Info:    Checking defaults for OML/cmm/m/it on input line 49.
LaTeX Font Info:    ... okay on input line 49.
LaTeX Font Info:    Checking defaults for T1/cmr/m/n on input line 49.
LaTeX Font Info:    ... okay on input line 49.
LaTeX Font Info:    Checking defaults for OT1/cmr/m/n on input line 49.
LaTeX Font Info:    ... okay on input line 49.
LaTeX Font Info:    Checking defaults for OMS/cmsy/m/n on input line 49.
LaTeX Font Info:    ... okay on input line 49.
LaTeX Font Info:    Checking defaults for OMX/cmex/m/n on input line 49.
LaTeX Font Info:    ... okay on input line 49.
LaTeX Font Info:    Checking defaults for U/cmr/m/n on input line 49.
LaTeX Font Info:    ... okay on input line 49.
LaTeX Font Info:    Checking defaults for LY1/ptm/m/n on input line 49.
LaTeX Font Info:    ... okay on input line 49.
LaTeX Font Info:    Checking defaults for TS1/cmr/m/n on input line 49.
LaTeX Font Info:    Try loading font information for TS1+cmr on input line 49.
 (/usr/share/texmf-texlive/tex/latex/base/ts1cmr.fd
File: ts1cmr.fd 1999/05/25 v2.5h Standard LaTeX font definitions
)
LaTeX Font Info:    ... okay on input line 49.
LaTeX Font Info:    Try loading font information for LY1+psbj on input line 49.


(/home/ross/texmf/tex/latex/localfonts/ly1psbj.fd
File: ly1psbj.fd 2008/03/16 LY1/Sabon LT Std-onum
)

Package microtype Warning: `draft' option active.
(microtype)                Disabling all micro-typographic extensions.
(microtype)                This might lead to different line and page breaks.

LaTeX Font Info:    Try loading font information for LY1+pwt on input line 51.
(/home/ross/texmf/tex/latex/localfonts/ly1pwt.fd
File: ly1pwt.fd 2008/03/16 LY1/Waters Titling Pro
)

LaTeX Font Warning: Font shape `LY1/pwt/m/sc' undefined
(Font)              using `LY1/pwt/m/n' instead on input line 80.

[1{/home/ross/.texmf-var/fonts/map/pdftex/updmap/pdftex.map}

] [2]

LaTeX Font Warning: Font shape `LY1/psbj/bx/n' in size <12> not available
(Font)              Font shape `LY1/psbj/b/n' tried instead on input line 128.

[3] [4] [5] (./3301_presentations.aux)

LaTeX Font Warning: Some font shapes were not available, defaults substituted.

 ) 
Here is how much of TeX's memory you used:
 6228 strings out of 94080
 85162 string characters out of 1165312
 193869 words of memory out of 1500000
 9483 multiletter control sequences out of 10000+50000
 57379 words of font info for 33 fonts, out of 1200000 for 2000
 645 hyphenation exceptions out of 8191
 37i,11n,41p,242b,360s stack positions out of 5000i,500n,6000p,200000b,5000s
{/home/ross/texmf/fonts/enc/dvips/adobe/a_znq5jp.enc}{/home/ross/texmf/fonts/
enc/dvips/adobe/a_hdl4yw.enc}</home/ross/texmf/fonts/type1/adobe/sabonlt/SabonL
TStd-Bold.pfb></home/ross/texmf/fonts/type1/adobe/sabonlt/SabonLTStd-Italic.pfb
></home/ross/texmf/fonts/type1/adobe/sabonlt/SabonLTStd-Roman.pfb></home/ross/t
exmf/fonts/type1/adobe/waterstitling/WatersTitlingPro-Rg.pfb>
Output written on 3301_presentations.pdf (5 pages, 102557 bytes).
PDF statistics:
 36 PDF objects out of 1000 (max. 8388607)
 0 named destinations out of 1000 (max. 131072)
 1 words of extra memory for PDF output out of 10000 (max. 10000000)

